<?xml version="1.0" encoding="UTF-8"?>
<testsuite name="com.maximum.MaximumValueTest" tests="1" skipped="0" failures="0" errors="0" timestamp="2019-11-29T07:12:55" hostname="admin293-H110M-H" time="0.001">
  <properties/>
  <testcase name="whenGivenThree_Integer_FindTheMaximum_At_ThirdPosition" classname="com.maximum.MaximumValueTest" time="0.001"/>
  <system-out><![CDATA[]]></system-out>
  <system-err><![CDATA[]]></system-err>
</testsuite>
